This is pdfTeX, Version 3.141592653-2.6-1.40.25 (TeX Live 2023) (preloaded format=pdflatex 2023.11.20)  20 NOV 2023 09:59
entering extended mode
 restricted \write18 enabled.
 %&-line parsing enabled.
**egeulgen_CV.tex
(./egeulgen_CV.tex
LaTeX2e <2023-11-01>
L3 programming layer <2023-11-09>
(./twentysecondcv.cls
Document Class: twentysecondcv 2018/11/24 CV class
(/home/runner/.TinyTeX/texmf-dist/tex/latex/base/article.cls
Document Class: article 2023/05/17 v1.4n Standard LaTeX document class
(/home/runner/.TinyTeX/texmf-dist/tex/latex/base/size10.clo
File: size10.clo 2023/05/17 v1.4n Standard LaTeX file (size option)
)
\c@part=\count186
\c@section=\count187
\c@subsection=\count188
\c@subsubsection=\count189
\c@paragraph=\count190
\c@subparagraph=\count191
\c@figure=\count192
\c@table=\count193
\abovecaptionskip=\skip48
\belowcaptionskip=\skip49
\bibindent=\dimen140
) (/home/runner/.TinyTeX/texmf-dist/tex/latex/clearsans/ClearSans.sty
Package: ClearSans 2022/09/15 (Bob Tennent) Supports Clear-Sans fonts for all LaTeX engines.
(/home/runner/.TinyTeX/texmf-dist/tex/generic/iftex/ifxetex.sty
Package: ifxetex 2019/10/25 v0.7 ifxetex legacy package. Use iftex instead.
(/home/runner/.TinyTeX/texmf-dist/tex/generic/iftex/iftex.sty
Package: iftex 2022/02/03 v1.0f TeX engine tests
)) (/home/runner/.TinyTeX/texmf-dist/tex/generic/iftex/ifluatex.sty
Package: ifluatex 2019/10/25 v1.5 ifluatex legacy package. Use iftex instead.
) (/home/runner/.TinyTeX/texmf-dist/tex/latex/xkeyval/xkeyval.sty
Package: xkeyval 2022/06/16 v2.9 package option processing (HA)
(/home/runner/.TinyTeX/texmf-dist/tex/generic/xkeyval/xkeyval.tex (/home/runner/.TinyTeX/texmf-dist/tex/generic/xkeyval/xkvutils.tex
\XKV@toks=\toks17
\XKV@tempa@toks=\toks18
(/home/runner/.TinyTeX/texmf-dist/tex/generic/xkeyval/keyval.tex))
\XKV@depth=\count194
File: xkeyval.tex 2014/12/03 v2.7a key=value parser (HA)
)) (/home/runner/.TinyTeX/texmf-dist/tex/latex/base/textcomp.sty
Package: textcomp 2020/02/02 v2.0n Standard LaTeX package
) (/home/runner/.TinyTeX/texmf-dist/tex/latex/base/fontenc.sty
Package: fontenc 2021/04/29 v2.0v Standard LaTeX package
) (/home/runner/.TinyTeX/texmf-dist/tex/latex/fontaxes/fontaxes.sty
Package: fontaxes 2020/07/21 v1.0e Font selection axes
LaTeX Info: Redefining \upshape on input line 29.
LaTeX Info: Redefining \itshape on input line 31.
LaTeX Info: Redefining \slshape on input line 33.
LaTeX Info: Redefining \swshape on input line 35.
LaTeX Info: Redefining \scshape on input line 37.
LaTeX Info: Redefining \sscshape on input line 39.
LaTeX Info: Redefining \ulcshape on input line 41.
LaTeX Info: Redefining \textsw on input line 47.
LaTeX Info: Redefining \textssc on input line 48.
LaTeX Info: Redefining \textulc on input line 49.
)) (/home/runner/.TinyTeX/texmf-dist/tex/latex/base/inputenc.sty
Package: inputenc 2021/02/14 v1.3d Input encoding file
\inpenc@prehook=\toks19
\inpenc@posthook=\toks20
) (/home/runner/.TinyTeX/texmf-dist/tex/latex/base/fontenc.sty
Package: fontenc 2021/04/29 v2.0v Standard LaTeX package
LaTeX Font Info:    Trying to load font information for T1+ClearSans-TLF on input line 112.
(/home/runner/.TinyTeX/texmf-dist/tex/latex/clearsans/T1ClearSans-TLF.fd
File: T1ClearSans-TLF.fd 2019/10/16 (autoinst) Font definitions for T1/ClearSans-TLF.
)
LaTeX Font Info:    Font shape `T1/ClearSans-TLF/m/n' in size <10> not available
(Font)              Font shape `T1/ClearSans-TLF/regular/n' tried instead on input line 112.
LaTeX Font Info:    Font shape `T1/ClearSans-TLF/regular/n' will be
(Font)              scaled to size 10.0pt on input line 112.
) (/home/runner/.TinyTeX/texmf-dist/tex/latex/pgf/frontendlayer/tikz.sty (/home/runner/.TinyTeX/texmf-dist/tex/latex/pgf/basiclayer/pgf.sty (/home/runner/.TinyTeX/texmf-dist/tex/latex/pgf/utilities/pgfrcs.sty (/home/runner/.TinyTeX/texmf-dist/tex/generic/pgf/utilities/pgfutil-common.tex
\pgfutil@everybye=\toks21
\pgfutil@tempdima=\dimen141
\pgfutil@tempdimb=\dimen142
) (/home/runner/.TinyTeX/texmf-dist/tex/generic/pgf/utilities/pgfutil-latex.def
\pgfutil@abb=\box51
) (/home/runner/.TinyTeX/texmf-dist/tex/generic/pgf/utilities/pgfrcs.code.tex (/home/runner/.TinyTeX/texmf-dist/tex/generic/pgf/pgf.revision.tex)
Package: pgfrcs 2023-01-15 v3.1.10 (3.1.10)
))
Package: pgf 2023-01-15 v3.1.10 (3.1.10)
(/home/runner/.TinyTeX/texmf-dist/tex/latex/pgf/basiclayer/pgfcore.sty (/home/runner/.TinyTeX/texmf-dist/tex/latex/graphics/graphicx.sty
Package: graphicx 2021/09/16 v1.2d Enhanced LaTeX Graphics (DPC,SPQR)
(/home/runner/.TinyTeX/texmf-dist/tex/latex/graphics/graphics.sty
Package: graphics 2022/03/10 v1.4e Standard LaTeX Graphics (DPC,SPQR)
(/home/runner/.TinyTeX/texmf-dist/tex/latex/graphics/trig.sty
Package: trig 2021/08/11 v1.11 sin cos tan (DPC)
) (/home/runner/.TinyTeX/texmf-dist/tex/latex/graphics-cfg/graphics.cfg
File: graphics.cfg 2016/06/04 v1.11 sample graphics configuration
)
Package graphics Info: Driver file: pdftex.def on input line 107.
(/home/runner/.TinyTeX/texmf-dist/tex/latex/graphics-def/pdftex.def
File: pdftex.def 2022/09/22 v1.2b Graphics/color driver for pdftex
))
\Gin@req@height=\dimen143
\Gin@req@width=\dimen144
) (/home/runner/.TinyTeX/texmf-dist/tex/latex/pgf/systemlayer/pgfsys.sty (/home/runner/.TinyTeX/texmf-dist/tex/generic/pgf/systemlayer/pgfsys.code.tex
Package: pgfsys 2023-01-15 v3.1.10 (3.1.10)
(/home/runner/.TinyTeX/texmf-dist/tex/generic/pgf/utilities/pgfkeys.code.tex
\pgfkeys@pathtoks=\toks22
\pgfkeys@temptoks=\toks23
(/home/runner/.TinyTeX/texmf-dist/tex/generic/pgf/utilities/pgfkeyslibraryfiltered.code.tex
\pgfkeys@tmptoks=\toks24
))
\pgf@x=\dimen145
\pgf@y=\dimen146
\pgf@xa=\dimen147
\pgf@ya=\dimen148
\pgf@xb=\dimen149
\pgf@yb=\dimen150
\pgf@xc=\dimen151
\pgf@yc=\dimen152
\pgf@xd=\dimen153
\pgf@yd=\dimen154
\w@pgf@writea=\write3
\r@pgf@reada=\read2
\c@pgf@counta=\count195
\c@pgf@countb=\count196
\c@pgf@countc=\count197
\c@pgf@countd=\count198
\t@pgf@toka=\toks25
\t@pgf@tokb=\toks26
\t@pgf@tokc=\toks27
\pgf@sys@id@count=\count199
(/home/runner/.TinyTeX/texmf-dist/tex/generic/pgf/systemlayer/pgf.cfg
File: pgf.cfg 2023-01-15 v3.1.10 (3.1.10)
)
Driver file for pgf: pgfsys-pdftex.def
(/home/runner/.TinyTeX/texmf-dist/tex/generic/pgf/systemlayer/pgfsys-pdftex.def
File: pgfsys-pdftex.def 2023-01-15 v3.1.10 (3.1.10)
(/home/runner/.TinyTeX/texmf-dist/tex/generic/pgf/systemlayer/pgfsys-common-pdf.def
File: pgfsys-common-pdf.def 2023-01-15 v3.1.10 (3.1.10)
))) (/home/runner/.TinyTeX/texmf-dist/tex/generic/pgf/systemlayer/pgfsyssoftpath.code.tex
File: pgfsyssoftpath.code.tex 2023-01-15 v3.1.10 (3.1.10)
\pgfsyssoftpath@smallbuffer@items=\count266
\pgfsyssoftpath@bigbuffer@items=\count267
) (/home/runner/.TinyTeX/texmf-dist/tex/generic/pgf/systemlayer/pgfsysprotocol.code.tex
File: pgfsysprotocol.code.tex 2023-01-15 v3.1.10 (3.1.10)
)) (/home/runner/.TinyTeX/texmf-dist/tex/latex/xcolor/xcolor.sty
Package: xcolor 2023/11/15 v3.01 LaTeX color extensions (UK)
(/home/runner/.TinyTeX/texmf-dist/tex/latex/graphics-cfg/color.cfg
File: color.cfg 2016/01/02 v1.6 sample color configuration
)
Package xcolor Info: Driver file: pdftex.def on input line 274.
(/home/runner/.TinyTeX/texmf-dist/tex/latex/graphics/mathcolor.ltx)
Package xcolor Info: Model `cmy' substituted by `cmy0' on input line 1350.
Package xcolor Info: Model `hsb' substituted by `rgb' on input line 1354.
Package xcolor Info: Model `RGB' extended on input line 1366.
Package xcolor Info: Model `HTML' substituted by `rgb' on input line 1368.
Package xcolor Info: Model `Hsb' substituted by `hsb' on input line 1369.
Package xcolor Info: Model `tHsb' substituted by `hsb' on input line 1370.
Package xcolor Info: Model `HSB' substituted by `hsb' on input line 1371.
Package xcolor Info: Model `Gray' substituted by `gray' on input line 1372.
Package xcolor Info: Model `wave' substituted by `hsb' on input line 1373.
) (/home/runner/.TinyTeX/texmf-dist/tex/generic/pgf/basiclayer/pgfcore.code.tex
Package: pgfcore 2023-01-15 v3.1.10 (3.1.10)
(/home/runner/.TinyTeX/texmf-dist/tex/generic/pgf/math/pgfmath.code.tex (/home/runner/.TinyTeX/texmf-dist/tex/generic/pgf/math/pgfmathutil.code.tex) (/home/runner/.TinyTeX/texmf-dist/tex/generic/pgf/math/pgfmathparser.code.tex
\pgfmath@dimen=\dimen155
\pgfmath@count=\count268
\pgfmath@box=\box52
\pgfmath@toks=\toks28
\pgfmath@stack@operand=\toks29
\pgfmath@stack@operation=\toks30
) (/home/runner/.TinyTeX/texmf-dist/tex/generic/pgf/math/pgfmathfunctions.code.tex) (/home/runner/.TinyTeX/texmf-dist/tex/generic/pgf/math/pgfmathfunctions.basic.code.tex) (/home/runner/.TinyTeX/texmf-dist/tex/generic/pgf/math/pgfmathfunctions.trigonometric.code.tex) (/home/runner/.TinyTeX/texmf-dist/tex/generic/pgf/math/pgfmathfunctions.random.code.tex) (/home/runner/.TinyTeX/texmf-dist/tex/generic/pgf/math/pgfmathfunctions.comparison.code.tex) (/home/runner/.TinyTeX/texmf-dist/tex/generic/pgf/math/pgfmathfunctions.base.code.tex) (/home/runner/.TinyTeX/texmf-dist/tex/generic/pgf/math/pgfmathfunctions.round.code.tex) (/home/runner/.TinyTeX/texmf-dist/tex/generic/pgf/math/pgfmathfunctions.misc.code.tex) (/home/runner/.TinyTeX/texmf-dist/tex/generic/pgf/math/pgfmathfunctions.integerarithmetics.code.tex) (/home/runner/.TinyTeX/texmf-dist/tex/generic/pgf/math/pgfmathcalc.code.tex) (/home/runner/.TinyTeX/texmf-dist/tex/generic/pgf/math/pgfmathfloat.code.tex
\c@pgfmathroundto@lastzeros=\count269
)) (/home/runner/.TinyTeX/texmf-dist/tex/generic/pgf/math/pgfint.code.tex) (/home/runner/.TinyTeX/texmf-dist/tex/generic/pgf/basiclayer/pgfcorepoints.code.tex
File: pgfcorepoints.code.tex 2023-01-15 v3.1.10 (3.1.10)
\pgf@picminx=\dimen156
\pgf@picmaxx=\dimen157
\pgf@picminy=\dimen158
\pgf@picmaxy=\dimen159
\pgf@pathminx=\dimen160
\pgf@pathmaxx=\dimen161
\pgf@pathminy=\dimen162
\pgf@pathmaxy=\dimen163
\pgf@xx=\dimen164
\pgf@xy=\dimen165
\pgf@yx=\dimen166
\pgf@yy=\dimen167
\pgf@zx=\dimen168
\pgf@zy=\dimen169
) (/home/runner/.TinyTeX/texmf-dist/tex/generic/pgf/basiclayer/pgfcorepathconstruct.code.tex
File: pgfcorepathconstruct.code.tex 2023-01-15 v3.1.10 (3.1.10)
\pgf@path@lastx=\dimen170
\pgf@path@lasty=\dimen171
) (/home/runner/.TinyTeX/texmf-dist/tex/generic/pgf/basiclayer/pgfcorepathusage.code.tex
File: pgfcorepathusage.code.tex 2023-01-15 v3.1.10 (3.1.10)
\pgf@shorten@end@additional=\dimen172
\pgf@shorten@start@additional=\dimen173
) (/home/runner/.TinyTeX/texmf-dist/tex/generic/pgf/basiclayer/pgfcorescopes.code.tex
File: pgfcorescopes.code.tex 2023-01-15 v3.1.10 (3.1.10)
\pgfpic=\box53
\pgf@hbox=\box54
\pgf@layerbox@main=\box55
\pgf@picture@serial@count=\count270
) (/home/runner/.TinyTeX/texmf-dist/tex/generic/pgf/basiclayer/pgfcoregraphicstate.code.tex
File: pgfcoregraphicstate.code.tex 2023-01-15 v3.1.10 (3.1.10)
\pgflinewidth=\dimen174
) (/home/runner/.TinyTeX/texmf-dist/tex/generic/pgf/basiclayer/pgfcoretransformations.code.tex
File: pgfcoretransformations.code.tex 2023-01-15 v3.1.10 (3.1.10)
\pgf@pt@x=\dimen175
\pgf@pt@y=\dimen176
\pgf@pt@temp=\dimen177
) (/home/runner/.TinyTeX/texmf-dist/tex/generic/pgf/basiclayer/pgfcorequick.code.tex
File: pgfcorequick.code.tex 2023-01-15 v3.1.10 (3.1.10)
) (/home/runner/.TinyTeX/texmf-dist/tex/generic/pgf/basiclayer/pgfcoreobjects.code.tex
File: pgfcoreobjects.code.tex 2023-01-15 v3.1.10 (3.1.10)
) (/home/runner/.TinyTeX/texmf-dist/tex/generic/pgf/basiclayer/pgfcorepathprocessing.code.tex
File: pgfcorepathprocessing.code.tex 2023-01-15 v3.1.10 (3.1.10)
) (/home/runner/.TinyTeX/texmf-dist/tex/generic/pgf/basiclayer/pgfcorearrows.code.tex
File: pgfcorearrows.code.tex 2023-01-15 v3.1.10 (3.1.10)
\pgfarrowsep=\dimen178
) (/home/runner/.TinyTeX/texmf-dist/tex/generic/pgf/basiclayer/pgfcoreshade.code.tex
File: pgfcoreshade.code.tex 2023-01-15 v3.1.10 (3.1.10)
\pgf@max=\dimen179
\pgf@sys@shading@range@num=\count271
\pgf@shadingcount=\count272
) (/home/runner/.TinyTeX/texmf-dist/tex/generic/pgf/basiclayer/pgfcoreimage.code.tex
File: pgfcoreimage.code.tex 2023-01-15 v3.1.10 (3.1.10)
) (/home/runner/.TinyTeX/texmf-dist/tex/generic/pgf/basiclayer/pgfcoreexternal.code.tex
File: pgfcoreexternal.code.tex 2023-01-15 v3.1.10 (3.1.10)
\pgfexternal@startupbox=\box56
) (/home/runner/.TinyTeX/texmf-dist/tex/generic/pgf/basiclayer/pgfcorelayers.code.tex
File: pgfcorelayers.code.tex 2023-01-15 v3.1.10 (3.1.10)
) (/home/runner/.TinyTeX/texmf-dist/tex/generic/pgf/basiclayer/pgfcoretransparency.code.tex
File: pgfcoretransparency.code.tex 2023-01-15 v3.1.10 (3.1.10)
) (/home/runner/.TinyTeX/texmf-dist/tex/generic/pgf/basiclayer/pgfcorepatterns.code.tex
File: pgfcorepatterns.code.tex 2023-01-15 v3.1.10 (3.1.10)
) (/home/runner/.TinyTeX/texmf-dist/tex/generic/pgf/basiclayer/pgfcorerdf.code.tex
File: pgfcorerdf.code.tex 2023-01-15 v3.1.10 (3.1.10)
))) (/home/runner/.TinyTeX/texmf-dist/tex/generic/pgf/modules/pgfmoduleshapes.code.tex
File: pgfmoduleshapes.code.tex 2023-01-15 v3.1.10 (3.1.10)
\pgfnodeparttextbox=\box57
) (/home/runner/.TinyTeX/texmf-dist/tex/generic/pgf/modules/pgfmoduleplot.code.tex
File: pgfmoduleplot.code.tex 2023-01-15 v3.1.10 (3.1.10)
) (/home/runner/.TinyTeX/texmf-dist/tex/latex/pgf/compatibility/pgfcomp-version-0-65.sty
Package: pgfcomp-version-0-65 2023-01-15 v3.1.10 (3.1.10)
\pgf@nodesepstart=\dimen180
\pgf@nodesepend=\dimen181
) (/home/runner/.TinyTeX/texmf-dist/tex/latex/pgf/compatibility/pgfcomp-version-1-18.sty
Package: pgfcomp-version-1-18 2023-01-15 v3.1.10 (3.1.10)
)) (/home/runner/.TinyTeX/texmf-dist/tex/latex/pgf/utilities/pgffor.sty (/home/runner/.TinyTeX/texmf-dist/tex/latex/pgf/utilities/pgfkeys.sty (/home/runner/.TinyTeX/texmf-dist/tex/generic/pgf/utilities/pgfkeys.code.tex)) (/home/runner/.TinyTeX/texmf-dist/tex/latex/pgf/math/pgfmath.sty (/home/runner/.TinyTeX/texmf-dist/tex/generic/pgf/math/pgfmath.code.tex)) (/home/runner/.TinyTeX/texmf-dist/tex/generic/pgf/utilities/pgffor.code.tex
Package: pgffor 2023-01-15 v3.1.10 (3.1.10)
\pgffor@iter=\dimen182
\pgffor@skip=\dimen183
\pgffor@stack=\toks31
\pgffor@toks=\toks32
)) (/home/runner/.TinyTeX/texmf-dist/tex/generic/pgf/frontendlayer/tikz/tikz.code.tex
Package: tikz 2023-01-15 v3.1.10 (3.1.10)
(/home/runner/.TinyTeX/texmf-dist/tex/generic/pgf/libraries/pgflibraryplothandlers.code.tex
File: pgflibraryplothandlers.code.tex 2023-01-15 v3.1.10 (3.1.10)
\pgf@plot@mark@count=\count273
\pgfplotmarksize=\dimen184
)
\tikz@lastx=\dimen185
\tikz@lasty=\dimen186
\tikz@lastxsaved=\dimen187
\tikz@lastysaved=\dimen188
\tikz@lastmovetox=\dimen189
\tikz@lastmovetoy=\dimen190
\tikzleveldistance=\dimen191
\tikzsiblingdistance=\dimen192
\tikz@figbox=\box58
\tikz@figbox@bg=\box59
\tikz@tempbox=\box60
\tikz@tempbox@bg=\box61
\tikztreelevel=\count274
\tikznumberofchildren=\count275
\tikznumberofcurrentchild=\count276
\tikz@fig@count=\count277
(/home/runner/.TinyTeX/texmf-dist/tex/generic/pgf/modules/pgfmodulematrix.code.tex
File: pgfmodulematrix.code.tex 2023-01-15 v3.1.10 (3.1.10)
\pgfmatrixcurrentrow=\count278
\pgfmatrixcurrentcolumn=\count279
\pgf@matrix@numberofcolumns=\count280
)
\tikz@expandcount=\count281
(/home/runner/.TinyTeX/texmf-dist/tex/generic/pgf/frontendlayer/tikz/libraries/tikzlibrarytopaths.code.tex
File: tikzlibrarytopaths.code.tex 2023-01-15 v3.1.10 (3.1.10)
))) (/home/runner/.TinyTeX/texmf-dist/tex/latex/fontawesome/fontawesome.sty
Package: fontawesome 2016/05/15 v4.6.3.1 font awesome icons
(/home/runner/.TinyTeX/texmf-dist/tex/latex/fontawesome/fontawesomesymbols-generic.tex) (/home/runner/.TinyTeX/texmf-dist/tex/latex/fontawesome/fontawesomesymbols-pdftex.tex)) (/home/runner/.TinyTeX/texmf-dist/tex/latex/textpos/textpos.sty
Package: textpos 2022/07/23 v1.10.1
Package textpos Info: choosing support for LaTeX3 on input line 60.
\TP@textbox=\box62
\TP@holdbox=\box63
\TPHorizModule=\dimen193
\TPVertModule=\dimen194
\TP@margin=\dimen195
\TP@absmargin=\dimen196
Grid set 16 x 16 = 38.39343pt x 49.68562pt
\TPboxrulesize=\dimen197
\TP@ox=\dimen198
\TP@oy=\dimen199
\TP@tbargs=\toks33
TextBlockOrigin set to 0pt x 0pt
) (/home/runner/.TinyTeX/texmf-dist/tex/latex/ragged2e/ragged2e.sty
Package: ragged2e 2023/06/22 v3.6 ragged2e Package
\CenteringLeftskip=\skip50
\RaggedLeftLeftskip=\skip51
\RaggedRightLeftskip=\skip52
\CenteringRightskip=\skip53
\RaggedLeftRightskip=\skip54
\RaggedRightRightskip=\skip55
\CenteringParfillskip=\skip56
\RaggedLeftParfillskip=\skip57
\RaggedRightParfillskip=\skip58
\JustifyingParfillskip=\skip59
\CenteringParindent=\skip60
\RaggedLeftParindent=\skip61
\RaggedRightParindent=\skip62
\JustifyingParindent=\skip63
) (/home/runner/.TinyTeX/texmf-dist/tex/latex/etoolbox/etoolbox.sty
Package: etoolbox 2020/10/05 v2.5k e-TeX tools for LaTeX (JAW)
\etb@tempcnta=\count282
) (/home/runner/.TinyTeX/texmf-dist/tex/latex/ifmtarg/ifmtarg.sty
Package: ifmtarg 2018/04/16 v1.2b check for an empty argument
) (/home/runner/.TinyTeX/texmf-dist/tex/latex/base/ifthen.sty
Package: ifthen 2022/04/13 v1.1d Standard LaTeX ifthen package (DPC)
) (/home/runner/.TinyTeX/texmf-dist/tex/latex/marvosym/marvosym.sty
Package: marvosym 2011/07/20 v2.2 Martin Vogel's Symbols font definitions
) (/home/runner/.TinyTeX/texmf-dist/tex/latex/parskip/parskip.sty
Package: parskip 2021-03-14 v2.0h non-zero parskip adjustments
(/home/runner/.TinyTeX/texmf-dist/tex/latex/kvoptions/kvoptions.sty
Package: kvoptions 2022-06-15 v3.15 Key value format for package options (HO)
(/home/runner/.TinyTeX/texmf-dist/tex/generic/ltxcmds/ltxcmds.sty
Package: ltxcmds 2020-05-10 v1.25 LaTeX kernel commands for general use (HO)
) (/home/runner/.TinyTeX/texmf-dist/tex/latex/kvsetkeys/kvsetkeys.sty
Package: kvsetkeys 2022-10-05 v1.19 Key value parser (HO)
))) (/home/runner/.TinyTeX/texmf-dist/tex/latex/geometry/geometry.sty
Package: geometry 2020/01/02 v5.9 Page Geometry
(/home/runner/.TinyTeX/texmf-dist/tex/generic/iftex/ifvtex.sty
Package: ifvtex 2019/10/25 v1.7 ifvtex legacy package. Use iftex instead.
)
\Gm@cnth=\count283
\Gm@cntv=\count284
\c@Gm@tempcnt=\count285
\Gm@bindingoffset=\dimen256
\Gm@wd@mp=\dimen257
\Gm@odd@mp=\dimen258
\Gm@even@mp=\dimen259
\Gm@layoutwidth=\dimen260
\Gm@layoutheight=\dimen261
\Gm@layouthoffset=\dimen262
\Gm@layoutvoffset=\dimen263
\Gm@dimlist=\toks34
) (/home/runner/.TinyTeX/texmf-dist/tex/latex/fancyhdr/fancyhdr.sty
Package: fancyhdr 2022/11/09 v4.1 Extensive control of page headers and footers
\f@nch@headwidth=\skip64
\f@nch@O@elh=\skip65
\f@nch@O@erh=\skip66
\f@nch@O@olh=\skip67
\f@nch@O@orh=\skip68
\f@nch@O@elf=\skip69
\f@nch@O@erf=\skip70
\f@nch@O@olf=\skip71
\f@nch@O@orf=\skip72
)
\imagewidth=\skip73
\imagescale=\skip74
\TotalSectionLength=\skip75
\SectionTitleLength=\skip76
\c@colorCounter=\count286
) (/home/runner/.TinyTeX/texmf-dist/tex/latex/hyperref/hyperref.sty
Package: hyperref 2023-11-09 v7.01f Hypertext links for LaTeX
(/home/runner/.TinyTeX/texmf-dist/tex/generic/pdftexcmds/pdftexcmds.sty
Package: pdftexcmds 2020-06-27 v0.33 Utility functions of pdfTeX for LuaTeX (HO)
(/home/runner/.TinyTeX/texmf-dist/tex/generic/infwarerr/infwarerr.sty
Package: infwarerr 2019/12/03 v1.5 Providing info/warning/error messages (HO)
)
Package pdftexcmds Info: \pdf@primitive is available.
Package pdftexcmds Info: \pdf@ifprimitive is available.
Package pdftexcmds Info: \pdfdraftmode found.
) (/home/runner/.TinyTeX/texmf-dist/tex/generic/kvdefinekeys/kvdefinekeys.sty
Package: kvdefinekeys 2019-12-19 v1.6 Define keys (HO)
) (/home/runner/.TinyTeX/texmf-dist/tex/generic/pdfescape/pdfescape.sty
Package: pdfescape 2019/12/09 v1.15 Implements pdfTeX's escape features (HO)
) (/home/runner/.TinyTeX/texmf-dist/tex/latex/hycolor/hycolor.sty
Package: hycolor 2020-01-27 v1.10 Color options for hyperref/bookmark (HO)
) (/home/runner/.TinyTeX/texmf-dist/tex/latex/letltxmacro/letltxmacro.sty
Package: letltxmacro 2019/12/03 v1.6 Let assignment for LaTeX macros (HO)
) (/home/runner/.TinyTeX/texmf-dist/tex/latex/auxhook/auxhook.sty
Package: auxhook 2019-12-17 v1.6 Hooks for auxiliary files (HO)
) (/home/runner/.TinyTeX/texmf-dist/tex/latex/hyperref/nameref.sty
Package: nameref 2023-11-09 v2.55 Cross-referencing by name of section
(/home/runner/.TinyTeX/texmf-dist/tex/latex/refcount/refcount.sty
Package: refcount 2019/12/15 v3.6 Data extraction from label references (HO)
) (/home/runner/.TinyTeX/texmf-dist/tex/generic/gettitlestring/gettitlestring.sty
Package: gettitlestring 2019/12/15 v1.6 Cleanup title references (HO)
)
\c@section@level=\count287
)
\@linkdim=\dimen264
\Hy@linkcounter=\count288
\Hy@pagecounter=\count289
(/home/runner/.TinyTeX/texmf-dist/tex/latex/hyperref/pd1enc.def
File: pd1enc.def 2023-11-09 v7.01f Hyperref: PDFDocEncoding definition (HO)
Now handling font encoding PD1 ...
... no UTF-8 mapping file for font encoding PD1
) (/home/runner/.TinyTeX/texmf-dist/tex/generic/intcalc/intcalc.sty
Package: intcalc 2019/12/15 v1.3 Expandable calculations with integers (HO)
)
\Hy@SavedSpaceFactor=\count290
(/home/runner/.TinyTeX/texmf-dist/tex/latex/hyperref/puenc.def
File: puenc.def 2023-11-09 v7.01f Hyperref: PDF Unicode definition (HO)
Now handling font encoding PU ...
... no UTF-8 mapping file for font encoding PU
)
Package hyperref Info: Hyper figures OFF on input line 4171.
Package hyperref Info: Link nesting OFF on input line 4176.
Package hyperref Info: Hyper index ON on input line 4179.
Package hyperref Info: Plain pages OFF on input line 4186.
Package hyperref Info: Backreferencing OFF on input line 4191.
Package hyperref Info: Implicit mode ON; LaTeX internals redefined.
Package hyperref Info: Bookmarks ON on input line 4438.
\c@Hy@tempcnt=\count291
(/home/runner/.TinyTeX/texmf-dist/tex/latex/url/url.sty
\Urlmuskip=\muskip16
Package: url 2013/09/16  ver 3.4  Verb mode for urls, etc.
)
LaTeX Info: Redefining \url on input line 4776.
\XeTeXLinkMargin=\dimen265
(/home/runner/.TinyTeX/texmf-dist/tex/generic/bitset/bitset.sty
Package: bitset 2019/12/09 v1.3 Handle bit-vector datatype (HO)
(/home/runner/.TinyTeX/texmf-dist/tex/generic/bigintcalc/bigintcalc.sty
Package: bigintcalc 2019/12/15 v1.5 Expandable calculations on big integers (HO)
))
\Fld@menulength=\count292
\Field@Width=\dimen266
\Fld@charsize=\dimen267
Package hyperref Info: Hyper figures OFF on input line 6055.
Package hyperref Info: Link nesting OFF on input line 6060.
Package hyperref Info: Hyper index ON on input line 6063.
Package hyperref Info: backreferencing OFF on input line 6070.
Package hyperref Info: Link coloring OFF on input line 6075.
Package hyperref Info: Link coloring with OCG OFF on input line 6080.
Package hyperref Info: PDF/A mode OFF on input line 6085.
(/home/runner/.TinyTeX/texmf-dist/tex/latex/base/atbegshi-ltx.sty
Package: atbegshi-ltx 2021/01/10 v1.0c Emulation of the original atbegshi
package with kernel methods
)
\Hy@abspage=\count293
\c@Item=\count294
\c@Hfootnote=\count295
)
Package hyperref Info: Driver (autodetected): hpdftex.
(/home/runner/.TinyTeX/texmf-dist/tex/latex/hyperref/hpdftex.def
File: hpdftex.def 2023-11-09 v7.01f Hyperref driver for pdfTeX
(/home/runner/.TinyTeX/texmf-dist/tex/latex/base/atveryend-ltx.sty
Package: atveryend-ltx 2020/08/19 v1.0a Emulation of the original atveryend package
with kernel methods
)
\Fld@listcount=\count296
\c@bookmark@seq@number=\count297
(/home/runner/.TinyTeX/texmf-dist/tex/latex/rerunfilecheck/rerunfilecheck.sty
Package: rerunfilecheck 2022-07-10 v1.10 Rerun checks for auxiliary files (HO)
(/home/runner/.TinyTeX/texmf-dist/tex/generic/uniquecounter/uniquecounter.sty
Package: uniquecounter 2019/12/15 v1.4 Provide unlimited unique counter (HO)
)
Package uniquecounter Info: New unique counter `rerunfilecheck' on input line 285.
)
\Hy@SectionHShift=\skip77
) (/home/runner/.TinyTeX/texmf-dist/tex/latex/dejavu/DejaVuSansMono.sty
Package: DejaVuSansMono 2011/06/01 Style file for DejaVuSansMono.
) (/home/runner/.TinyTeX/texmf-dist/tex/latex/base/fixltx2e.sty
Package: fixltx2e 2016/12/29 v2.1a fixes to LaTeX (obsolete)
Applying: [2015/01/01] Old fixltx2e package on input line 46.

Package fixltx2e Warning: fixltx2e is not required with releases after 2015
(fixltx2e)                All fixes are now in the LaTeX kernel.
(fixltx2e)                See the latexrelease package for details.

Already applied: [0000/00/00] Old fixltx2e package on input line 53.
) (/home/runner/.TinyTeX/texmf-dist/tex/latex/base/fontenc.sty
Package: fontenc 2021/04/29 v2.0v Standard LaTeX package
) (/home/runner/.TinyTeX/texmf-dist/tex/latex/csquotes/csquotes.sty
Package: csquotes 2022-09-14 v5.2n context-sensitive quotations (JAW)
\csq@reset=\count298
\csq@gtype=\count299
\csq@glevel=\count300
\csq@qlevel=\count301
\csq@maxlvl=\count302
\csq@tshold=\count303
\csq@ltx@everypar=\toks35
(/home/runner/.TinyTeX/texmf-dist/tex/latex/csquotes/csquotes.def
File: csquotes.def 2022-09-14 v5.2n csquotes generic definitions (JAW)
)
Package csquotes Info: Trying to load configuration file 'csquotes.cfg'...
Package csquotes Info: ... configuration file loaded successfully.
(/home/runner/.TinyTeX/texmf-dist/tex/latex/csquotes/csquotes.cfg
File: csquotes.cfg 
)) (/home/runner/.TinyTeX/texmf-dist/tex/latex/booktabs/booktabs.sty
Package: booktabs 2020/01/12 v1.61803398 Publication quality tables
\heavyrulewidth=\dimen268
\lightrulewidth=\dimen269
\cmidrulewidth=\dimen270
\belowrulesep=\dimen271
\belowbottomsep=\dimen272
\aboverulesep=\dimen273
\abovetopsep=\dimen274
\cmidrulesep=\dimen275
\cmidrulekern=\dimen276
\defaultaddspace=\dimen277
\@cmidla=\count304
\@cmidlb=\count305
\@aboverulesep=\dimen278
\@belowrulesep=\dimen279
\@thisruleclass=\count306
\@lastruleclass=\count307
\@thisrulewidth=\dimen280
)
\cslhangindent=\skip78
\csllabelwidth=\skip79
(/home/runner/.TinyTeX/texmf-dist/tex/latex/tools/calc.sty
Package: calc 2023/07/08 v4.3 Infix arithmetic (KKT,FJ)
\calc@Acount=\count308
\calc@Bcount=\count309
\calc@Adimen=\dimen281
\calc@Bdimen=\dimen282
\calc@Askip=\skip80
\calc@Bskip=\skip81
LaTeX Info: Redefining \setlength on input line 80.
LaTeX Info: Redefining \addtolength on input line 81.
\calc@Ccount=\count310
\calc@Cskip=\skip82
)
Package csquotes Info: Checking for multilingual support...
Package csquotes Info: ... none found.
(/home/runner/.TinyTeX/texmf-dist/tex/latex/l3backend/l3backend-pdftex.def
File: l3backend-pdftex.def 2023-11-09 L3 backend support: PDF output (pdfTeX)
\l__color_backend_stack_int=\count311
\l__pdf_internal_box=\box64
) (./egeulgen_CV.aux)
\openout1 = `egeulgen_CV.aux'.

LaTeX Font Info:    Checking defaults for OML/cmm/m/it on input line 96.
LaTeX Font Info:    ... okay on input line 96.
LaTeX Font Info:    Checking defaults for OMS/cmsy/m/n on input line 96.
LaTeX Font Info:    ... okay on input line 96.
LaTeX Font Info:    Checking defaults for OT1/cmr/m/n on input line 96.
LaTeX Font Info:    ... okay on input line 96.
LaTeX Font Info:    Checking defaults for T1/cmr/m/n on input line 96.
LaTeX Font Info:    ... okay on input line 96.
LaTeX Font Info:    Checking defaults for TS1/cmr/m/n on input line 96.
LaTeX Font Info:    ... okay on input line 96.
LaTeX Font Info:    Checking defaults for OMX/cmex/m/n on input line 96.
LaTeX Font Info:    ... okay on input line 96.
LaTeX Font Info:    Checking defaults for U/cmr/m/n on input line 96.
LaTeX Font Info:    ... okay on input line 96.
LaTeX Font Info:    Checking defaults for PD1/pdf/m/n on input line 96.
LaTeX Font Info:    ... okay on input line 96.
LaTeX Font Info:    Checking defaults for PU/pdf/m/n on input line 96.
LaTeX Font Info:    ... okay on input line 96.
\c@mv@tabular=\count312
\c@mv@boldtabular=\count313
(/home/runner/.TinyTeX/texmf-dist/tex/latex/epstopdf-pkg/epstopdf-base.sty
Package: epstopdf-base 2020-01-24 v2.11 Base part for package epstopdf
Package epstopdf-base Info: Redefining graphics rule for `.eps' on input line 485.
(/home/runner/.TinyTeX/texmf-dist/tex/latex/latexconfig/epstopdf-sys.cfg
File: epstopdf-sys.cfg 2010/07/13 v1.3 Configuration of (r)epstopdf for TeX Live
))
*geometry* driver: auto-detecting
*geometry* detected driver: pdftex
*geometry* verbose mode - [ preamble ] result:
* driver: pdftex
* paper: a4paper
* layout: <same size as paper>
* layoutoffset:(h,v)=(0.0pt,0.0pt)
* modes: 
* h-part:(L,W,R)=(216.2411pt, 352.81403pt, 28.45274pt)
* v-part:(T,H,B)=(2.84544pt, 839.35596pt, 2.84544pt)
* \paperwidth=597.50787pt
* \paperheight=845.04684pt
* \textwidth=352.81403pt
* \textheight=839.35596pt
* \oddsidemargin=143.97112pt
* \evensidemargin=143.97112pt
* \topmargin=-69.42455pt
* \headheight=0.0pt
* \headsep=0.0pt
* \topskip=10.0pt
* \footskip=0.0pt
* \marginparwidth=65.0pt
* \marginparsep=11.0pt
* \columnsep=10.0pt
* \skip\footins=9.0pt plus 4.0pt minus 2.0pt
* \hoffset=0.0pt
* \voffset=0.0pt
* \mag=1000
* \@twocolumnfalse
* \@twosidefalse
* \@mparswitchfalse
* \@reversemarginfalse
* (1in=72.27pt=25.4mm, 1cm=28.453pt)

Package hyperref Info: Link coloring OFF on input line 96.
(./egeulgen_CV.out) (./egeulgen_CV.out)
\@outlinefile=\write4
\openout4 = `egeulgen_CV.out'.

<../images/eu_pp.jpg, id=7, 346.29375pt x 346.29375pt>
File: ../images/eu_pp.jpg Graphic file (type jpg)
<use ../images/eu_pp.jpg>
Package pdftex.def Info: ../images/eu_pp.jpg  used on input line 110.
(pdftex.def)             Requested size: 142.26378pt x 142.26668pt.
LaTeX Font Info:    Font shape `T1/ClearSans-TLF/m/n' in size <20.74> not available
(Font)              Font shape `T1/ClearSans-TLF/regular/n' tried instead on input line 110.
LaTeX Font Info:    Font shape `T1/ClearSans-TLF/regular/n' will be
(Font)              scaled to size 20.74pt on input line 110.
LaTeX Font Info:    Font shape `T1/ClearSans-TLF/m/n' in size <14.4> not available
(Font)              Font shape `T1/ClearSans-TLF/regular/n' tried instead on input line 110.
LaTeX Font Info:    Font shape `T1/ClearSans-TLF/regular/n' will be
(Font)              scaled to size 14.4pt on input line 110.
LaTeX Font Info:    External font `cmex10' loaded for size
(Font)              <7> on input line 110.
LaTeX Font Info:    External font `cmex10' loaded for size
(Font)              <5> on input line 110.
LaTeX Font Info:    Trying to load font information for U+fontawesometwo on input line 110.
(/home/runner/.TinyTeX/texmf-dist/tex/latex/fontawesome/ufontawesometwo.fd
File: ufontawesometwo.fd 2016/05/22 Font definitions for U/fontawesometwo.
)
LaTeX Font Info:    Trying to load font information for T1+DejaVuSansMono-TLF on input line 110.
(/home/runner/.TinyTeX/texmf-dist/tex/latex/dejavu/T1DejaVuSansMono-TLF.fd
File: T1DejaVuSansMono-TLF.fd 2011/06/01 Font definitions for T1/DejaVuSansMono-TLF.
)
LaTeX Font Info:    Font shape `T1/DejaVuSansMono-TLF/m/n' will be
(Font)              scaled to size 8.6pt on input line 110.

Underfull \hbox (badness 10000) in paragraph at lines 110--110
[][]$\T1/DejaVuSansMono-TLF/m/n/10 Ege . Ulgen @ genomicsengland .
 []

LaTeX Font Info:    Font shape `T1/ClearSans-TLF/m/n' in size <8> not available
(Font)              Font shape `T1/ClearSans-TLF/regular/n' tried instead on input line 121.
LaTeX Font Info:    Font shape `T1/ClearSans-TLF/regular/n' will be
(Font)              scaled to size 8.0pt on input line 121.

Underfull \hbox (badness 10000) in paragraph at lines 120--124

 []


Underfull \hbox (badness 10000) in paragraph at lines 130--138

 []

LaTeX Font Info:    Font shape `T1/ClearSans-TLF/m/n' in size <12> not available
(Font)              Font shape `T1/ClearSans-TLF/regular/n' tried instead on input line 143.
LaTeX Font Info:    Font shape `T1/ClearSans-TLF/regular/n' will be
(Font)              scaled to size 12.0pt on input line 143.
<../images/Python-logo-notext.png, id=11, 15.8994pt x 19.272pt>
File: ../images/Python-logo-notext.png Graphic file (type png)
<use ../images/Python-logo-notext.png>
Package pdftex.def Info: ../images/Python-logo-notext.png  used on input line 145.
(pdftex.def)             Requested size: 15.89934pt x 19.27194pt.
<../images/rating1.png, id=13, 12.045pt x 12.045pt>
File: ../images/rating1.png Graphic file (type png)
<use ../images/rating1.png>
Package pdftex.def Info: ../images/rating1.png  used on input line 146.
(pdftex.def)             Requested size: 12.04495pt x 12.04495pt.
File: ../images/rating1.png Graphic file (type png)
<use ../images/rating1.png>
Package pdftex.def Info: ../images/rating1.png  used on input line 147.
(pdftex.def)             Requested size: 12.04495pt x 12.04495pt.
File: ../images/rating1.png Graphic file (type png)
<use ../images/rating1.png>
Package pdftex.def Info: ../images/rating1.png  used on input line 148.
(pdftex.def)             Requested size: 12.04495pt x 12.04495pt.
<../images/Rlogo.png, id=14, 25.0536pt x 19.272pt>
File: ../images/Rlogo.png Graphic file (type png)
<use ../images/Rlogo.png>
Package pdftex.def Info: ../images/Rlogo.png  used on input line 149.
(pdftex.def)             Requested size: 25.05353pt x 19.27194pt.
File: ../images/rating1.png Graphic file (type png)
<use ../images/rating1.png>
Package pdftex.def Info: ../images/rating1.png  used on input line 150.
(pdftex.def)             Requested size: 12.04495pt x 12.04495pt.
File: ../images/rating1.png Graphic file (type png)
<use ../images/rating1.png>
Package pdftex.def Info: ../images/rating1.png  used on input line 151.
(pdftex.def)             Requested size: 12.04495pt x 12.04495pt.
File: ../images/rating1.png Graphic file (type png)
<use ../images/rating1.png>
Package pdftex.def Info: ../images/rating1.png  used on input line 152.
(pdftex.def)             Requested size: 12.04495pt x 12.04495pt.
<../images/bash_logo.png, id=15, 44.5665pt x 19.272pt>
File: ../images/bash_logo.png Graphic file (type png)
<use ../images/bash_logo.png>
Package pdftex.def Info: ../images/bash_logo.png  used on input line 153.
(pdftex.def)             Requested size: 44.56638pt x 19.27194pt.
File: ../images/rating1.png Graphic file (type png)
<use ../images/rating1.png>
Package pdftex.def Info: ../images/rating1.png  used on input line 154.
(pdftex.def)             Requested size: 12.04495pt x 12.04495pt.
File: ../images/rating1.png Graphic file (type png)
<use ../images/rating1.png>
Package pdftex.def Info: ../images/rating1.png  used on input line 155.
(pdftex.def)             Requested size: 12.04495pt x 12.04495pt.
<../images/rating0.png, id=16, 12.045pt x 12.045pt>
File: ../images/rating0.png Graphic file (type png)
<use ../images/rating0.png>
Package pdftex.def Info: ../images/rating0.png  used on input line 156.
(pdftex.def)             Requested size: 12.04495pt x 12.04495pt.
<../images/Git-Logo-2Color.png, id=17, 46.0119pt x 19.272pt>
File: ../images/Git-Logo-2Color.png Graphic file (type png)
<use ../images/Git-Logo-2Color.png>
Package pdftex.def Info: ../images/Git-Logo-2Color.png  used on input line 161.
(pdftex.def)             Requested size: 46.01178pt x 19.27194pt.
File: ../images/rating1.png Graphic file (type png)
<use ../images/rating1.png>
Package pdftex.def Info: ../images/rating1.png  used on input line 162.
(pdftex.def)             Requested size: 12.04495pt x 12.04495pt.
File: ../images/rating1.png Graphic file (type png)
<use ../images/rating1.png>
Package pdftex.def Info: ../images/rating1.png  used on input line 163.
(pdftex.def)             Requested size: 12.04495pt x 12.04495pt.
File: ../images/rating0.png Graphic file (type png)
<use ../images/rating0.png>
Package pdftex.def Info: ../images/rating0.png  used on input line 164.
(pdftex.def)             Requested size: 12.04495pt x 12.04495pt.
<../images/docker_logo.png, id=18, 74.9199pt x 19.272pt>
File: ../images/docker_logo.png Graphic file (type png)
<use ../images/docker_logo.png>
Package pdftex.def Info: ../images/docker_logo.png  used on input line 165.
(pdftex.def)             Requested size: 74.91971pt x 19.27194pt.
File: ../images/rating1.png Graphic file (type png)
<use ../images/rating1.png>
Package pdftex.def Info: ../images/rating1.png  used on input line 166.
(pdftex.def)             Requested size: 12.04495pt x 12.04495pt.
File: ../images/rating1.png Graphic file (type png)
<use ../images/rating1.png>
Package pdftex.def Info: ../images/rating1.png  used on input line 167.
(pdftex.def)             Requested size: 12.04495pt x 12.04495pt.
File: ../images/rating0.png Graphic file (type png)
<use ../images/rating0.png>
Package pdftex.def Info: ../images/rating0.png  used on input line 168.
(pdftex.def)             Requested size: 12.04495pt x 12.04495pt.
<../images/PyCharm_Icon.png, id=19, 19.272pt x 19.272pt>
File: ../images/PyCharm_Icon.png Graphic file (type png)
<use ../images/PyCharm_Icon.png>
Package pdftex.def Info: ../images/PyCharm_Icon.png  used on input line 170.
(pdftex.def)             Requested size: 19.27194pt x 19.27194pt.
File: ../images/rating1.png Graphic file (type png)
<use ../images/rating1.png>
Package pdftex.def Info: ../images/rating1.png  used on input line 171.
(pdftex.def)             Requested size: 12.04495pt x 12.04495pt.
File: ../images/rating1.png Graphic file (type png)
<use ../images/rating1.png>
Package pdftex.def Info: ../images/rating1.png  used on input line 172.
(pdftex.def)             Requested size: 12.04495pt x 12.04495pt.
File: ../images/rating0.png Graphic file (type png)
<use ../images/rating0.png>
Package pdftex.def Info: ../images/rating0.png  used on input line 173.
(pdftex.def)             Requested size: 12.04495pt x 12.04495pt.
<../images/gitlab-ci-cd.png, id=20, 42.1575pt x 19.272pt>
File: ../images/gitlab-ci-cd.png Graphic file (type png)
<use ../images/gitlab-ci-cd.png>
Package pdftex.def Info: ../images/gitlab-ci-cd.png  used on input line 174.
(pdftex.def)             Requested size: 42.15738pt x 19.27194pt.
File: ../images/rating1.png Graphic file (type png)
<use ../images/rating1.png>
Package pdftex.def Info: ../images/rating1.png  used on input line 175.
(pdftex.def)             Requested size: 12.04495pt x 12.04495pt.
File: ../images/rating0.png Graphic file (type png)
<use ../images/rating0.png>
Package pdftex.def Info: ../images/rating0.png  used on input line 176.
(pdftex.def)             Requested size: 12.04495pt x 12.04495pt.
File: ../images/rating0.png Graphic file (type png)
<use ../images/rating0.png>
Package pdftex.def Info: ../images/rating0.png  used on input line 177.
(pdftex.def)             Requested size: 12.04495pt x 12.04495pt.
<../images/githubactions.png, id=21, 40.4712pt x 19.272pt>
File: ../images/githubactions.png Graphic file (type png)
<use ../images/githubactions.png>
Package pdftex.def Info: ../images/githubactions.png  used on input line 178.
(pdftex.def)             Requested size: 40.4711pt x 19.27194pt.
File: ../images/rating1.png Graphic file (type png)
<use ../images/rating1.png>
Package pdftex.def Info: ../images/rating1.png  used on input line 179.
(pdftex.def)             Requested size: 12.04495pt x 12.04495pt.
File: ../images/rating0.png Graphic file (type png)
<use ../images/rating0.png>
Package pdftex.def Info: ../images/rating0.png  used on input line 180.
(pdftex.def)             Requested size: 12.04495pt x 12.04495pt.
File: ../images/rating0.png Graphic file (type png)
<use ../images/rating0.png>
Package pdftex.def Info: ../images/rating0.png  used on input line 181.
(pdftex.def)             Requested size: 12.04495pt x 12.04495pt.

Underfull \hbox (badness 5161) in paragraph at lines 200--200
[][]\T1/ClearSans-TLF/regular/n/10 PANACEA. Per-son-al-ized Network-Based Anti-Cancer Ther-apy
 []


Underfull \hbox (badness 10000) in paragraph at lines 198--204

 []


Underfull \hbox (badness 3601) in paragraph at lines 211--211
[][]\T1/ClearSans-TLF/regular/n/10 Certificate in Ma-chine Learn-ing. Grade: 94.8% ^^U cours-
 []


Underfull \hbox (badness 10000) in paragraph at lines 212--212
[][]\T1/ClearSans-TLF/regular/n/10 Certificate in Find-ing Hid-den Mes-sages in DNA (Bioin-
 []


Underfull \hbox (badness 10000) in paragraph at lines 212--212
\T1/ClearSans-TLF/regular/n/10 for-mat-ics I) (with Hon-ors). Grade: 96.0% ^^U cours-
 []


Underfull \hbox (badness 10000) in paragraph at lines 214--214
[][]\T1/ClearSans-TLF/regular/n/10 Certificate in Com-par-ing Genes, Pro-teins, and Genomes
 []


Underfull \hbox (badness 1701) in paragraph at lines 214--214
\T1/ClearSans-TLF/regular/n/10 (Bioin-for-mat-ics III) (with Hon-ors). Grade: 100% ^^U cours-
 []


Underfull \hbox (badness 3657) in paragraph at lines 216--216
[][]\T1/ClearSans-TLF/regular/n/10 Certificate in Ge-nomic Data Sci-ence and Clus-ter-ing (Bioin-
 []


Underfull \hbox (badness 10000) in paragraph at lines 216--216
\T1/ClearSans-TLF/regular/n/10 for-mat-ics V) (with Hon-ors). Grade: 94.0% ^^U cours-
 []


Underfull \hbox (badness 10000) in paragraph at lines 218--218
[][]\T1/ClearSans-TLF/regular/n/10 Certificate in Bioin-for-mat-ics Spe-cial-iza-tion. cours-
 []


Underfull \hbox (badness 10000) in paragraph at lines 210--220

 []

[1

{/home/runner/.TinyTeX/texmf-var/fonts/map/pdftex/updmap/pdftex.map}{/home/runner/.TinyTeX/texmf-dist/fonts/enc/dvips/clearsans/clr_zxbkm4.enc}{/home/runner/.TinyTeX/texmf-dist/fonts/enc/dvips/fontawesome/fontawesometwo.enc}{/home/runner/.TinyTeX/texmf-dist/fonts/enc/dvips/dejavu/dejavumono_t1-type1.enc} <../images/Python-logo-notext.png> <../images/rating1.png> <../images/Rlogo.png> <../images/bash_logo.png> <../images/rating0.png> <../images/Git-Logo-2Color.png> <../images/docker_logo.png> <../images/PyCharm_Icon.png> <../images/gitlab-ci-cd.png> <../images/githubactions.png> <../images/eu_pp.jpg>]
LaTeX Font Info:    Font shape `T1/ClearSans-TLF/m/it' in size <10> not available
(Font)              Font shape `T1/ClearSans-TLF/regular/it' tried instead on input line 230.
LaTeX Font Info:    Font shape `T1/ClearSans-TLF/regular/it' will be
(Font)              scaled to size 10.0pt on input line 230.
LaTeX Font Info:    Font shape `T1/ClearSans-TLF/m/sl' in size <10> not available
(Font)              Font shape `T1/ClearSans-TLF/regular/sl' tried instead on input line 321.
LaTeX Font Info:    Font shape `T1/ClearSans-TLF/regular/sl' in size <10> not available
(Font)              Font shape `T1/ClearSans-TLF/regular/it' tried instead on input line 321.
LaTeX Font Info:    Font shape `T1/ClearSans-TLF/regular/it' will be
(Font)              scaled to size 10.0pt on input line 321.

Package fancyhdr Warning: \headheight is too small (0.0pt): 
(fancyhdr)                Make it at least 12.0pt, for example:
(fancyhdr)                \setlength{\headheight}{12.0pt}.
(fancyhdr)                You might also make \topmargin smaller to compensate:
(fancyhdr)                \addtolength{\topmargin}{-12.0pt}.


Package fancyhdr Warning: \footskip is too small (0.0pt): 
(fancyhdr)                Make it at least 15.4pt, for example:
(fancyhdr)                \setlength{\footskip}{15.4pt}.

[2]

Package fancyhdr Warning: \headheight is too small (0.0pt): 
(fancyhdr)                Make it at least 12.0pt, for example:
(fancyhdr)                \setlength{\headheight}{12.0pt}.
(fancyhdr)                You might also make \topmargin smaller to compensate:
(fancyhdr)                \addtolength{\topmargin}{-12.0pt}.


Package fancyhdr Warning: \footskip is too small (0.0pt): 
(fancyhdr)                Make it at least 15.4pt, for example:
(fancyhdr)                \setlength{\footskip}{15.4pt}.

[3]

Package fancyhdr Warning: \headheight is too small (0.0pt): 
(fancyhdr)                Make it at least 12.0pt, for example:
(fancyhdr)                \setlength{\headheight}{12.0pt}.
(fancyhdr)                You might also make \topmargin smaller to compensate:
(fancyhdr)                \addtolength{\topmargin}{-12.0pt}.


Package fancyhdr Warning: \footskip is too small (0.0pt): 
(fancyhdr)                Make it at least 15.4pt, for example:
(fancyhdr)                \setlength{\footskip}{15.4pt}.

[4] (./egeulgen_CV.aux)
 ***********
LaTeX2e <2023-11-01>
L3 programming layer <2023-11-09>
 ***********
Package rerunfilecheck Info: File `egeulgen_CV.out' has not changed.
(rerunfilecheck)             Checksum: D41D8CD98F00B204E9800998ECF8427E;0.
 )
(\end occurred when \ifnum on line 31 was incomplete) 
Here is how much of TeX's memory you used:
 23156 strings out of 476227
 427076 string characters out of 5796560
 1962555 words of memory out of 5000000
 44671 multiletter control sequences out of 15000+600000
 594215 words of font info for 51 fonts, out of 8000000 for 9000
 14 hyphenation exceptions out of 8191
 117i,12n,121p,589b,781s stack positions out of 10000i,1000n,20000p,200000b,200000s
</home/runner/.TinyTeX/texmf-dist/fonts/type1/intel/clearsans/ClearSans-Italic.pfb></home/runner/.TinyTeX/texmf-dist/fonts/type1/intel/clearsans/ClearSans-Regular.pfb></home/runner/.TinyTeX/texmf-dist/fonts/type1/public/dejavu/DejaVuSansMono.pfb></home/runner/.TinyTeX/texmf-dist/fonts/type1/public/fontawesome/FontAwesome.pfb>
Output written on egeulgen_CV.pdf (4 pages, 194774 bytes).
PDF statistics:
 133 PDF objects out of 1000 (max. 8388607)
 97 compressed objects within 1 object stream
 50 named destinations out of 1000 (max. 500000)
 68 words of extra memory for PDF output out of 10000 (max. 10000000)

